<?xml version="1.0" encoding="UTF-8"?>
<!-- Generated by org.testng.reporters.JUnitXMLReporter -->
<testsuite ignored="0" hostname="MYPC" failures="0" tests="3" name="Default test" time="0.111" errors="0" timestamp="2021-03-05T23:21:42 IST">
  <testcase classname="com.Project.org.MavenProject.Annotation" name="boy" time="0.011"/>
  <testcase classname="com.Project.org.MavenProject.Annotation" name="laptop" time="0.003"/>
  <testcase classname="com.Project.org.MavenProject.Annotation" name="train" time="0.004"/>
</testsuite> <!-- Default test -->
