<?xml version="1.0" encoding="UTF-8"?>
<!-- Generated by org.testng.reporters.JUnitXMLReporter -->
<testsuite ignored="3" hostname="MYPC" failures="0" tests="3" name="Test" time="0.177" errors="0" timestamp="2021-03-27T08:34:47 IST">
  <testcase classname="com.Project.org.MavenProject.Grouping_Test" name="empMobileNo" time="0.035"/>
  <testcase classname="com.Project.org.MavenProject.Grouping_Test" name="empSalary" time="0.005"/>
  <testcase classname="com.Project.org.MavenProject.Grouping_Test" name="empname" time="0.003"/>
  <testcase classname="com.Project.org.MavenProject.Grouping_Test" name="IFSCCode" time="0.0">
    <ignored/>
  </testcase> <!-- IFSCCode -->
  <testcase classname="com.Project.org.MavenProject.Grouping_Test" name="empAccNo" time="0.0">
    <ignored/>
  </testcase> <!-- empAccNo -->
  <testcase classname="com.Project.org.MavenProject.Grouping_Test" name="empid" time="0.0">
    <ignored/>
  </testcase> <!-- empid -->
</testsuite> <!-- Test -->
