<?xml version="1.0" encoding="UTF-8"?>
<testng-results ignored="3" total="6" passed="3" failed="0" skipped="0">
  <reporter-output>
  </reporter-output>
  <suite started-at="2021-03-27T08:34:46 IST" name="Suite" finished-at="2021-03-27T08:34:47 IST" duration-ms="177">
    <groups>
      <group name="EmployeeDetails">
        <method signature="Grouping_Test.empname()[pri:0, instance:com.Project.org.MavenProject.Grouping_Test@3c947bc5]" name="empname" class="com.Project.org.MavenProject.Grouping_Test"/>
      </group> <!-- EmployeeDetails -->
      <group name="PersonalDetails">
        <method signature="Grouping_Test.empMobileNo()[pri:0, instance:com.Project.org.MavenProject.Grouping_Test@3c947bc5]" name="empMobileNo" class="com.Project.org.MavenProject.Grouping_Test"/>
        <method signature="Grouping_Test.empSalary()[pri:0, instance:com.Project.org.MavenProject.Grouping_Test@3c947bc5]" name="empSalary" class="com.Project.org.MavenProject.Grouping_Test"/>
      </group> <!-- PersonalDetails -->
    </groups>
    <test started-at="2021-03-27T08:34:46 IST" name="Test" finished-at="2021-03-27T08:34:47 IST" duration-ms="177">
      <class name="com.Project.org.MavenProject.Grouping_Test">
        <test-method signature="empMobileNo()[pri:0, instance:com.Project.org.MavenProject.Grouping_Test@3c947bc5]" started-at="2021-03-27T08:34:47 IST" name="empMobileNo" finished-at="2021-03-27T08:34:47 IST" duration-ms="35" status="PASS">
          <reporter-output>
          </reporter-output>
        </test-method> <!-- empMobileNo -->
        <test-method signature="empSalary()[pri:0, instance:com.Project.org.MavenProject.Grouping_Test@3c947bc5]" started-at="2021-03-27T08:34:47 IST" name="empSalary" finished-at="2021-03-27T08:34:47 IST" duration-ms="5" status="PASS">
          <reporter-output>
          </reporter-output>
        </test-method> <!-- empSalary -->
        <test-method signature="empname()[pri:0, instance:com.Project.org.MavenProject.Grouping_Test@3c947bc5]" started-at="2021-03-27T08:34:47 IST" name="empname" finished-at="2021-03-27T08:34:47 IST" duration-ms="3" status="PASS">
          <reporter-output>
          </reporter-output>
        </test-method> <!-- empname -->
      </class> <!-- com.Project.org.MavenProject.Grouping_Test -->
    </test> <!-- Test -->
  </suite> <!-- Suite -->
</testng-results>
